<<<<<<< HEAD
[2023-02-08T12:38:06.371] [ERROR] error - { GET_FAIL: 'http://localhost7070/faillogin' }
[2023-02-08T12:38:11.342] [ERROR] error - { GET_FAIL: 'http://localhost7070/faillogin' }
[2023-02-08T12:39:59.968] [ERROR] error - { GET_FAIL: 'http://localhost7070/faillogin' }
[2023-02-08T12:40:13.556] [ERROR] error - { POST_ERROR: 'http://localhost7070/signup' }
[2023-02-08T12:43:13.603] [ERROR] error - { GET_FAIL: 'http://localhost7070/faillogin' }
[2023-02-08T12:44:02.361] [ERROR] error - { GET_FAIL: 'http://localhost7070/faillogin' }
[2023-02-08T12:44:05.413] [ERROR] error - { GET_FAIL: 'http://localhost7070/failsignup' }
[2023-02-12T12:21:46.657] [ERROR] error - { GET_FAIL: 'http://localhost7070/failsignup' }
[2023-02-12T12:24:27.154] [ERROR] error - { POST_ERROR: 'http://localhost7070/signup' }
[2023-02-12T12:24:27.166] [ERROR] error - { GET_FAIL: 'http://localhost7070/failsignup' }
[2023-02-12T12:24:27.607] [ERROR] error - { GET_FAIL: 'http://localhost7070/failsignup' }
[2023-02-12T15:22:50.933] [ERROR] error - { GET_FAIL: 'http://localhost7070/faillogin' }
[2023-02-12T15:23:05.113] [ERROR] error - { POST_ERROR: 'http://localhost7070/signup' }
[2023-02-12T15:23:19.762] [ERROR] error - { POST_ERROR: 'http://localhost7070/signup' }
[2023-02-12T15:23:20.224] [ERROR] error - { GET_FAIL: 'http://localhost7070/failsignup' }
=======
[2023-02-17T12:44:12.729] [ERROR] error - { GET_FAIL: 'http://localhost5050/failsignup' }
[2023-02-17T12:44:17.516] [ERROR] error - { POST_ERROR: 'http://localhost5050/signup' }
[2023-02-17T12:44:17.575] [ERROR] error - { GET_FAIL: 'http://localhost5050/failsignup' }
[2023-02-17T12:44:53.967] [ERROR] error - { POST_ERROR: 'http://localhost5050/signup' }
[2023-02-17T12:44:54.026] [ERROR] error - { GET_FAIL: 'http://localhost5050/failsignup' }
[2023-02-17T12:45:06.320] [ERROR] error - { POST_ERROR: 'http://localhost5050/signup' }
[2023-02-17T12:45:06.379] [ERROR] error - { GET_FAIL: 'http://localhost5050/failsignup' }
[2023-02-17T12:45:16.369] [ERROR] error - { GET_FAIL: 'http://localhost5050/failsignup' }
[2023-02-17T12:45:22.191] [ERROR] error - { POST_ERROR: 'http://localhost5050/signup' }
[2023-02-17T12:45:22.210] [ERROR] error - { GET_FAIL: 'http://localhost5050/failsignup' }
[2023-02-17T12:45:27.559] [ERROR] error - { POST_ERROR: 'http://localhost5050/signup' }
[2023-02-17T12:45:27.620] [ERROR] error - { GET_FAIL: 'http://localhost5050/failsignup' }
[2023-02-17T12:46:35.009] [ERROR] error - { GET_FAIL: 'http://localhost5050/failsignup' }
[2023-02-17T12:58:29.582] [ERROR] error - { GET_FAIL: 'http://localhost5050/failsignup' }
>>>>>>> testPassportt
