[2023-02-22T19:45:40.161] [WARN] warn - sendEmailNodeMailer {
  accepted: [ 'victoriaileanarodriguezmora@gmail.com' ],
  rejected: [],
  ehlo: [
    'SIZE 35882577',
    '8BITMIME',
    'AUTH LOGIN PLAIN XOAUTH2 PLAIN-CLIENTTOKEN OAUTHBEARER XOAUTH',
    'ENHANCEDSTATUSCODES',
    'PIPELINING',
    'CHUNKING',
    'SMTPUTF8'
  ],
  envelopeTime: 593,
  messageTime: 747,
  messageSize: 365,
  response: '250 2.0.0 OK  1677105939 o66-20020acaf045000000b00383e0c1f6cdsm43664oih.27 - gsmtp',
  envelope: { from: '', to: [ 'victoriaileanarodriguezmora@gmail.com' ] },
  messageId: '<dd82ed9a-a8a9-d256-e193-ff09b96b5705@localhost>'
}
[2023-02-22T19:47:11.651] [WARN] warn - sendEmailNodeMailer {
  accepted: [ 'victoriaileanarodriguezmora@gmail.com' ],
  rejected: [],
  ehlo: [
    'SIZE 35882577',
    '8BITMIME',
    'AUTH LOGIN PLAIN XOAUTH2 PLAIN-CLIENTTOKEN OAUTHBEARER XOAUTH',
    'ENHANCEDSTATUSCODES',
    'PIPELINING',
    'CHUNKING',
    'SMTPUTF8'
  ],
  envelopeTime: 626,
  messageTime: 943,
  messageSize: 505,
  response: '250 2.0.0 OK  1677106031 g11-20020a4ad30b000000b0051134f333d3sm2045505oos.16 - gsmtp',
  envelope: { from: '', to: [ 'victoriaileanarodriguezmora@gmail.com' ] },
  messageId: '<51a1bf93-622f-7264-41e7-224bf510377e@localhost>'
}
[2023-02-22T20:00:07.518] [WARN] warn - sendEmailNodeMailer {
  accepted: [ 'victoriaileanarodriguezmora@gmail.com' ],
  rejected: [],
  ehlo: [
    'SIZE 35882577',
    '8BITMIME',
    'AUTH LOGIN PLAIN XOAUTH2 PLAIN-CLIENTTOKEN OAUTHBEARER XOAUTH',
    'ENHANCEDSTATUSCODES',
    'PIPELINING',
    'CHUNKING',
    'SMTPUTF8'
  ],
  envelopeTime: 694,
  messageTime: 882,
  messageSize: 555,
  response: '250 2.0.0 OK  1677106807 m11-20020a9d608b000000b006863c59f685sm2053893otj.28 - gsmtp',
  envelope: { from: '', to: [ 'victoriaileanarodriguezmora@gmail.com' ] },
  messageId: '<34068e3d-5caf-1425-9d7a-3e06bb5dc620@localhost>'
}
[2023-02-22T20:01:01.273] [WARN] warn - sendEmailNodeMailer {
  accepted: [ 'victoriaileanarodriguezmora@gmail.com' ],
  rejected: [],
  ehlo: [
    'SIZE 35882577',
    '8BITMIME',
    'AUTH LOGIN PLAIN XOAUTH2 PLAIN-CLIENTTOKEN OAUTHBEARER XOAUTH',
    'ENHANCEDSTATUSCODES',
    'PIPELINING',
    'CHUNKING',
    'SMTPUTF8'
  ],
  envelopeTime: 714,
  messageTime: 818,
  messageSize: 622,
  response: '250 2.0.0 OK  1677106860 u6-20020a056870440600b0016e49af5815sm6615081oah.51 - gsmtp',
  envelope: { from: '', to: [ 'victoriaileanarodriguezmora@gmail.com' ] },
  messageId: '<e7501489-26e3-1fae-fe41-4039f5f34a59@localhost>'
}
[2023-02-22T20:02:19.076] [WARN] warn - sendEmailNodeMailer {
  accepted: [ 'victoriaileanarodriguezmora@gmail.com' ],
  rejected: [],
  ehlo: [
    'SIZE 35882577',
    '8BITMIME',
    'AUTH LOGIN PLAIN XOAUTH2 PLAIN-CLIENTTOKEN OAUTHBEARER XOAUTH',
    'ENHANCEDSTATUSCODES',
    'PIPELINING',
    'CHUNKING',
    'SMTPUTF8'
  ],
  envelopeTime: 678,
  messageTime: 807,
  messageSize: 555,
  response: '250 2.0.0 OK  1677106938 i3-20020a05683033e300b00684152e9ff2sm2187306otu.0 - gsmtp',
  envelope: { from: '', to: [ 'victoriaileanarodriguezmora@gmail.com' ] },
  messageId: '<7dc0f9ab-a372-eb9d-69b4-45559a768241@localhost>'
}
[2023-02-22T20:02:20.113] [WARN] warn - msg twilio {
  body: 'Sent from your Twilio trial account - Hola, usernameytytytytytytytytytyt! Usd se registró con el mail: victoriaileanarodriguezmora@gmail.com. Y ha realizado esta orden: title, description, photo, name, name. Saludos!',
  numSegments: '4',
  direction: 'outbound-api',
  from: '+12053044674',
  to: '+541133990583',
  dateUpdated: 2023-02-22T23:02:19.000Z,
  price: null,
  errorMessage: null,
  uri: '/2010-04-01/Accounts/AC1668abc4b67f83be17c91e46c1368285/Messages/SM1b6f48ab1232be9992fb168bcf8f1271.json',
  accountSid: 'AC1668abc4b67f83be17c91e46c1368285',
  numMedia: '0',
  status: 'queued',
  messagingServiceSid: null,
  sid: 'SM1b6f48ab1232be9992fb168bcf8f1271',
  dateSent: null,
  dateCreated: 2023-02-22T23:02:19.000Z,
  errorCode: null,
  priceUnit: 'USD',
  apiVersion: '2010-04-01',
  subresourceUris: {
    media: '/2010-04-01/Accounts/AC1668abc4b67f83be17c91e46c1368285/Messages/SM1b6f48ab1232be9992fb168bcf8f1271/Media.json'
  }
}
